C166 COMPILER V7.05, CC2                                                                   11/18/2013 18:11:50 PAGE 1   


C166 COMPILER V7.05, COMPILATION OF MODULE CC2
OBJECT MODULE PLACED IN .\obj\CC2.obj
COMPILER INVOKED BY: C:\Program Files\Keil\C166\BIN\C166.EXE CC2.C MODV2 BROWSE MODV2 DEBUG OBJECT(.\obj\CC2.obj) 

 stmt lvl     source

*** WARNING C500 IN LINE 1 OF CC2.C: SERIAL NUMBER EXPIRED

    1         //****************************************************************************
    2         // @Module        Capture / Compare Unit 2 (CAPCOM2)
    3         // @Filename      CC2.C
    4         // @Project       balancebot.dav
    5         //----------------------------------------------------------------------------
    6         // @Controller    Infineon XE167F-96F66
    7         //
    8         // @Compiler      Keil
    9         //
   10         // @Codegenerator 2.2
   11         //
   12         // @Description   This file contains functions that use the CC2 module.
   13         //
   14         //----------------------------------------------------------------------------
   15         // @Date          18.11.2013 17:25:50
   16         //
   17         //****************************************************************************
   18         
   19         // USER CODE BEGIN (CC2_General,1)
   20         
   21         // USER CODE END
   22         
   23         
   24         
   25         //****************************************************************************
   26         // @Project Includes
   27         //****************************************************************************
   28         
   29         #include "MAIN.H"
   30         
   31         // USER CODE BEGIN (CC2_General,2)
   32         
   33         // USER CODE END
   34         
   35         
   36         //****************************************************************************
   37         // @Macros
   38         //****************************************************************************
   39         
   40         // USER CODE BEGIN (CC2_General,3)
   41         
   42         // USER CODE END
   43         
   44         
   45         //****************************************************************************
   46         // @Defines
   47         //****************************************************************************
   48         
   49         // USER CODE BEGIN (CC2_General,4)
   50         
   51         // USER CODE END
   52         
   53         
   54         //****************************************************************************
C166 COMPILER V7.05, CC2                                                                   11/18/2013 18:11:50 PAGE 2   

   55         // @Typedefs
   56         //****************************************************************************
   57         
   58         // USER CODE BEGIN (CC2_General,5)
   59         
   60         // USER CODE END
   61         
   62         
   63         //****************************************************************************
   64         // @Imported Global Variables
   65         //****************************************************************************
   66         
   67         // USER CODE BEGIN (CC2_General,6)
   68         
   69         // USER CODE END
   70         
   71         
   72         //****************************************************************************
   73         // @Global Variables
   74         //****************************************************************************
   75         
   76         // USER CODE BEGIN (CC2_General,7)
   77         
   78         // USER CODE END
   79         
   80         
   81         //****************************************************************************
   82         // @External Prototypes
   83         //****************************************************************************
   84         
   85         // USER CODE BEGIN (CC2_General,8)
   86         
   87         // USER CODE END
   88         
   89         
   90         //****************************************************************************
   91         // @Prototypes Of Local Functions
   92         //****************************************************************************
   93         
   94         // USER CODE BEGIN (CC2_General,9)
   95         
   96         // USER CODE END
   97         
   98         
   99         //****************************************************************************
  100         // @Function      void CC2_vInit(void) 
  101         //
  102         //----------------------------------------------------------------------------
  103         // @Description   This is the initialization function of the CAPCOM2 function 
  104         //                library. It is assumed that the SFRs used by this library 
  105         //                are in reset state. 
  106         //
  107         //----------------------------------------------------------------------------
  108         // @Returnvalue   None
  109         //
  110         //----------------------------------------------------------------------------
  111         // @Parameters    None
  112         //
  113         //----------------------------------------------------------------------------
  114         // @Date          18.11.2013
  115         //
  116         //****************************************************************************
C166 COMPILER V7.05, CC2                                                                   11/18/2013 18:11:50 PAGE 3   

  117         
  118         // USER CODE BEGIN (Init,1)
  119         
  120         // USER CODE END
  121         
  122         void CC2_vInit(void)
  123         {
  124  1        // USER CODE BEGIN (Init,2)
  125  1      
  126  1        // USER CODE END
  127  1      
  128  1        ///  -----------------------------------------------------------------------
  129  1        ///  Configuration of  Kernel state configuration Control:
  130  1        ///  -----------------------------------------------------------------------
  131  1        ///  - the Peripheral is supplied with clock signal for CAPCOM2 unit
  132  1        ///  - the CC2 module clock = 66,00 MHz
  133  1      
  134  1        CC2_KSCCFG     =  0x0003;      // load CAPCOM2 Kernel state configuration 
  135  1                                       // register
  136  1      
  137  1      
  138  1        _nop_();  // one cycle delay 
  139  1      
  140  1        _nop_();  // one cycle delay 
  141  1      
  142  1        ///  -----------------------------------------------------------------------
  143  1        ///  Configuration of CAPCOM2 Control:
  144  1        ///  -----------------------------------------------------------------------
  145  1        ///  - the contents of the CC2_OUT register is visble at output port
  146  1        ///  - the contents of the port register is changed by the CAPCOM2 unit
  147  1      
  148  1        ///  -----------------------------------------------------------------------
  149  1        ///  Configuration of CAPCOM2 Timer 7:
  150  1        ///  -----------------------------------------------------------------------
  151  1        ///  - timer 7 works in timer mode
  152  1        ///  - prescaler factor is 8
  153  1        ///  - timer 7 run bit is reset
  154  1      
  155  1        ///  -----------------------------------------------------------------------
  156  1        ///  Configuration of CAPCOM2 Timer 8:
  157  1        ///  -----------------------------------------------------------------------
  158  1        ///  - timer 8 works in timer mode
  159  1        ///  - prescaler factor is 8
  160  1        ///  - timer 8 run bit is reset
  161  1      
  162  1      
  163  1        CC2_T7         =  0xFF00;      // load CAPCOM2 timer 7 register
  164  1      
  165  1        CC2_T7REL      =  0xFF00;      // load CAPCOM2 timer 7 reload register
  166  1      
  167  1        ///  -----------------------------------------------------------------------
  168  1        ///  Configuration of the used CAPCOM2 Timer Port Pins:
  169  1        ///  -----------------------------------------------------------------------
  170  1      
  171  1      
  172  1        ///  -----------------------------------------------------------------------
  173  1        ///  Configuration of the used CAPCOM2 Timer Interrupts:
  174  1        ///  -----------------------------------------------------------------------
  175  1      
  176  1      
  177  1        ///  -----------------------------------------------------------------------
  178  1        ///  Configuration of the used CAPCOM2 Channel 16:
C166 COMPILER V7.05, CC2                                                                   11/18/2013 18:11:50 PAGE 4   

  179  1        ///  -----------------------------------------------------------------------
  180  1        ///  - channel 16 is disabled
  181  1      
  182  1        CC2_CC16       =  0xFF01;      // load CAPCOM2 channel 16 register
  183  1      
  184  1        ///  -----------------------------------------------------------------------
  185  1        ///  Configuration of the used CAPCOM2 Channel 17:
  186  1        ///  -----------------------------------------------------------------------
  187  1        ///  - channel 17 is disabled
  188  1      
  189  1        CC2_CC17       =  0xFF01;      // load CAPCOM2 channel 17 register
  190  1      
  191  1        ///  -----------------------------------------------------------------------
  192  1        ///  Configuration of the used CAPCOM2 Channel 18:
  193  1        ///  -----------------------------------------------------------------------
  194  1        ///  - channel 18 is disabled
  195  1      
  196  1        ///  -----------------------------------------------------------------------
  197  1        ///  Configuration of the used CAPCOM2 Channel 19:
  198  1        ///  -----------------------------------------------------------------------
  199  1        ///  - channel 19 is disabled
  200  1      
  201  1        ///  -----------------------------------------------------------------------
  202  1        ///  Configuration of the used CAPCOM2 Channel 20:
  203  1        ///  -----------------------------------------------------------------------
  204  1        ///  - channel 20 is disabled
  205  1      
  206  1        ///  -----------------------------------------------------------------------
  207  1        ///  Configuration of the used CAPCOM2 Channel 21:
  208  1        ///  -----------------------------------------------------------------------
  209  1        ///  - channel 21 is disabled
  210  1      
  211  1        ///  -----------------------------------------------------------------------
  212  1        ///  Configuration of the used CAPCOM2 Channel 22:
  213  1        ///  -----------------------------------------------------------------------
  214  1        ///  - channel 22 is disabled
  215  1      
  216  1        ///  -----------------------------------------------------------------------
  217  1        ///  Configuration of the used CAPCOM2 Channel 23:
  218  1        ///  -----------------------------------------------------------------------
  219  1        ///  - channel 23 is disabled
  220  1      
  221  1        ///  -----------------------------------------------------------------------
  222  1        ///  Configuration of the used CAPCOM2 Channel 24:
  223  1        ///  -----------------------------------------------------------------------
  224  1        ///  - channel 24 is disabled
  225  1      
  226  1        ///  -----------------------------------------------------------------------
  227  1        ///  Configuration of the used CAPCOM2 Channel 25:
  228  1        ///  -----------------------------------------------------------------------
  229  1        ///  - channel 25 is disabled
  230  1      
  231  1        ///  -----------------------------------------------------------------------
  232  1        ///  Configuration of the used CAPCOM2 Channel 26:
  233  1        ///  -----------------------------------------------------------------------
  234  1        ///  - channel 26 is disabled
  235  1      
  236  1        ///  -----------------------------------------------------------------------
  237  1        ///  Configuration of the used CAPCOM2 Channel 27:
  238  1        ///  -----------------------------------------------------------------------
  239  1        ///  - channel 27 is disabled
  240  1      
C166 COMPILER V7.05, CC2                                                                   11/18/2013 18:11:50 PAGE 5   

  241  1        ///  -----------------------------------------------------------------------
  242  1        ///  Configuration of the used CAPCOM2 Channel 28:
  243  1        ///  -----------------------------------------------------------------------
  244  1        ///  - channel 28 is disabled
  245  1      
  246  1        ///  -----------------------------------------------------------------------
  247  1        ///  Configuration of the used CAPCOM2 Channel 29:
  248  1        ///  -----------------------------------------------------------------------
  249  1        ///  - channel 29 is disabled
  250  1      
  251  1        ///  -----------------------------------------------------------------------
  252  1        ///  Configuration of the used CAPCOM2 Channel 30:
  253  1        ///  -----------------------------------------------------------------------
  254  1        ///  - channel 30 is disabled
  255  1      
  256  1        ///  -----------------------------------------------------------------------
  257  1        ///  Configuration of the used CAPCOM2 Channel 31:
  258  1        ///  -----------------------------------------------------------------------
  259  1        ///  - channel 31 is disabled
  260  1      
  261  1      
  262  1        ///  -----------------------------------------------------------------------
  263  1        ///  Configuration of the used CAPCOM2 Channel Port Pins:
  264  1        ///  -----------------------------------------------------------------------
  265  1      
  266  1      
  267  1        ///  -----------------------------------------------------------------------
  268  1        ///  Configuration of the used CAPCOM2 Channels Interrupts:
  269  1        ///  -----------------------------------------------------------------------
  270  1      
  271  1      
  272  1        // USER CODE BEGIN (Tmr8,3)
  273  1      
  274  1        // USER CODE END
  275  1      
  276  1      } //  End of function CC2_viTmr8
  277         
  278         
  279         
  280         
  281         // USER CODE BEGIN (CC2_General,10)
  282         
  283         // USER CODE END
  284         


MODULE INFORMATION:   INITIALIZED  UNINITIALIZED
  CODE SIZE        =          28     --------
  NEAR-CONST SIZE  =    --------     --------
  FAR-CONST SIZE   =    --------     --------
  HUGE-CONST SIZE  =    --------     --------
  XHUGE-CONST SIZE =    --------     --------
  NEAR-DATA SIZE   =    --------     --------
  FAR-DATA SIZE    =    --------     --------
  XHUGE-DATA SIZE  =    --------     --------
  IDATA-DATA SIZE  =    --------     --------
  SDATA-DATA SIZE  =    --------     --------
  BDATA-DATA SIZE  =    --------     --------
  HUGE-DATA SIZE   =    --------     --------
  BIT SIZE         =    --------     --------
  INIT'L SIZE      =    --------     --------
END OF MODULE INFORMATION.
C166 COMPILER V7.05, CC2                                                                   11/18/2013 18:11:50 PAGE 6   



C166 COMPILATION COMPLETE.  1 WARNING(S),  0 ERROR(S)
