C166 COMPILER V7.05, MEGATRON                                                              11/21/2013 14:06:19 PAGE 1   


C166 COMPILER V7.05, COMPILATION OF MODULE MEGATRON
OBJECT MODULE PLACED IN .\obj\megatron.obj
COMPILER INVOKED BY: C:\Program Files\Keil\C166\BIN\C166.EXE megatron.c MODV2 BROWSE MODV2 DEBUG OBJECT(.\obj\megatron.o
                    -bj) 

 stmt lvl     source

*** WARNING C500 IN LINE 1 OF megatron.c: SERIAL NUMBER EXPIRED

    1         
    2         #include "XE16xREGS.H"
    3         
    4         #include "GPT2.H"
    5         #include "IO.H"
    6         #include "megatron.h"
    7                                 
    8         unsigned int ReadMegatronLeft()
    9         {
   10  1        unsigned int value; 
   11  1        GPT2_vStopTmr(GPT2_TIMER_5);
   12  1        value = GPT2_uwReadTmr(GPT2_TIMER_5);
   13  1        GPT2_vLoadTmr(GPT2_TIMER_5, 0);
   14  1        GPT2_vStartTmr(GPT2_TIMER_5);
   15  1        return value;
   16  1      }
   17         
   18         unsigned int ReadMegatronRight()
   19         {
   20  1        unsigned int value; 
   21  1        GPT2_vStopTmr(GPT2_TIMER_6);
   22  1        value = GPT2_uwReadTmr(GPT2_TIMER_6);
   23  1        GPT2_vLoadTmr(GPT2_TIMER_6, 0);
   24  1        GPT2_vStartTmr(GPT2_TIMER_6);
   25  1        return value;
   26  1      }


MODULE INFORMATION:   INITIALIZED  UNINITIALIZED
  CODE SIZE        =          30     --------
  NEAR-CONST SIZE  =    --------     --------
  FAR-CONST SIZE   =    --------     --------
  HUGE-CONST SIZE  =    --------     --------
  XHUGE-CONST SIZE =    --------     --------
  NEAR-DATA SIZE   =    --------     --------
  FAR-DATA SIZE    =    --------     --------
  XHUGE-DATA SIZE  =    --------     --------
  IDATA-DATA SIZE  =    --------     --------
  SDATA-DATA SIZE  =    --------     --------
  BDATA-DATA SIZE  =    --------     --------
  HUGE-DATA SIZE   =    --------     --------
  BIT SIZE         =    --------     --------
  INIT'L SIZE      =    --------     --------
END OF MODULE INFORMATION.


C166 COMPILATION COMPLETE.  1 WARNING(S),  0 ERROR(S)
